[0.032s] Invoking command in '/root/ros-image-stream/ros2_ws/build/image_transport': CMAKE_PREFIX_PATH=/root/ros2_ws/install/ros_image_transport:/opt/ros/humble /usr/bin/cmake /root/ros-image-stream/ros2_ws/src/image_common/image_transport -DCMAKE_INSTALL_PREFIX=/root/ros-image-stream/ros2_ws/install/image_transport
[0.388s] -- The C compiler identification is GNU 11.4.0
[0.661s] -- The CXX compiler identification is GNU 11.4.0
[0.684s] -- Detecting C compiler ABI info
[1.108s] -- Detecting C compiler ABI info - done
[1.121s] -- Check for working C compiler: /usr/bin/cc - skipped
[1.121s] -- Detecting C compile features
[1.122s] -- Detecting C compile features - done
[1.124s] -- Detecting CXX compiler ABI info
[1.513s] -- Detecting CXX compiler ABI info - done
[1.526s] -- Check for working CXX compiler: /usr/bin/c++ - skipped
[1.526s] -- Detecting CXX compile features
[1.526s] -- Detecting CXX compile features - done
[1.531s] -- Found ament_cmake_ros: 0.10.0 (/opt/ros/humble/share/ament_cmake_ros/cmake)
[2.037s] -- Found Python3: /usr/bin/python3 (found version "3.10.12") found components: Interpreter 
[2.166s] -- Found message_filters: 4.3.5 (/opt/ros/humble/share/message_filters/cmake)
[2.194s] -- Found rosidl_generator_c: 3.1.5 (/opt/ros/humble/share/rosidl_generator_c/cmake)
[2.196s] -- Found rosidl_adapter: 3.1.5 (/opt/ros/humble/share/rosidl_adapter/cmake)
[2.202s] -- Found rosidl_generator_cpp: 3.1.5 (/opt/ros/humble/share/rosidl_generator_cpp/cmake)
[2.210s] -- Using all available rosidl_typesupport_c: rosidl_typesupport_fastrtps_c;rosidl_typesupport_introspection_c
[2.222s] -- Using all available rosidl_typesupport_cpp: rosidl_typesupport_fastrtps_cpp;rosidl_typesupport_introspection_cpp
[2.249s] -- Found rmw_implementation_cmake: 6.1.2 (/opt/ros/humble/share/rmw_implementation_cmake/cmake)
[2.251s] -- Found rmw_fastrtps_cpp: 6.2.7 (/opt/ros/humble/share/rmw_fastrtps_cpp/cmake)
[2.563s] -- Found OpenSSL: /usr/lib/x86_64-linux-gnu/libcrypto.so (found version "3.0.2")  
[2.587s] -- Found FastRTPS: /opt/ros/humble/include  
[2.635s] -- Using RMW implementation 'rmw_fastrtps_cpp' as default
[2.641s] -- Looking for pthread.h
[3.021s] -- Looking for pthread.h - found
[3.021s] -- Performing Test CMAKE_HAVE_LIBC_PTHREAD
[3.413s] -- Performing Test CMAKE_HAVE_LIBC_PTHREAD - Success
[3.414s] -- Found Threads: TRUE  
[3.453s] -- Found pluginlib: 5.1.0 (/opt/ros/humble/share/pluginlib/cmake)
[3.466s] -- Found rclcpp_components: 16.0.10 (/opt/ros/humble/share/rclcpp_components/cmake)
[3.480s] -- Found sensor_msgs: 4.2.4 (/opt/ros/humble/share/sensor_msgs/cmake)
[3.509s] -- Found ament_lint_auto: 0.12.11 (/opt/ros/humble/share/ament_lint_auto/cmake)
[3.636s] -- Found gtest sources under '/opt/ros/humble/src/gtest_vendor': C++ tests using 'Google Test' will be built
[3.651s] -- Added test 'copyright' to check source files copyright and LICENSE
[3.652s] -- Added test 'cpplint' to check C / C++ code against the Google style
[3.652s] -- Configured cpplint exclude dirs and/or files: 
[3.652s] -- Added test 'lint_cmake' to check CMake code style
[3.653s] -- Added test 'uncrustify' to check C / C++ code style
[3.653s] -- Configured uncrustify additional arguments: 
[3.654s] -- Added test 'xmllint' to check XML markup files
[3.655s] -- Configuring done
[3.709s] -- Generating done
[3.712s] -- Build files have been written to: /root/ros-image-stream/ros2_ws/build/image_transport
[3.721s] Invoked command in '/root/ros-image-stream/ros2_ws/build/image_transport' returned '0': CMAKE_PREFIX_PATH=/root/ros2_ws/install/ros_image_transport:/opt/ros/humble /usr/bin/cmake /root/ros-image-stream/ros2_ws/src/image_common/image_transport -DCMAKE_INSTALL_PREFIX=/root/ros-image-stream/ros2_ws/install/image_transport
[3.722s] Invoking command in '/root/ros-image-stream/ros2_ws/build/image_transport': CMAKE_PREFIX_PATH=/root/ros2_ws/install/ros_image_transport:/opt/ros/humble /usr/bin/cmake --build /root/ros-image-stream/ros2_ws/build/image_transport -- -j8 -l8
[4.026s] [  2%] [32mBuilding CXX object gtest/CMakeFiles/gtest_main.dir/src/gtest_main.cc.o[0m
[4.027s] [  5%] [32mBuilding CXX object CMakeFiles/image_transport.dir/src/camera_common.cpp.o[0m
[4.027s] [  8%] [32mBuilding CXX object CMakeFiles/republish.dir/rclcpp_components/node_main_republish.cpp.o[0m
[4.027s] [ 11%] [32mBuilding CXX object CMakeFiles/image_transport.dir/src/publisher.cpp.o[0m
[4.029s] [ 14%] [32mBuilding CXX object CMakeFiles/image_transport.dir/src/single_subscriber_publisher.cpp.o[0m
[4.035s] [ 17%] [32mBuilding CXX object gtest/CMakeFiles/gtest.dir/src/gtest-all.cc.o[0m
[4.042s] [ 20%] [32mBuilding CXX object CMakeFiles/image_transport.dir/src/subscriber.cpp.o[0m
[4.060s] [ 23%] [32mBuilding CXX object CMakeFiles/image_transport.dir/src/camera_publisher.cpp.o[0m
[4.857s] [ 26%] [32mBuilding CXX object CMakeFiles/image_transport.dir/src/camera_subscriber.cpp.o[0m
[5.564s] [01m[K/root/ros-image-stream/ros2_ws/src/image_common/image_transport/src/camera_subscriber.cpp:34:10:[m[K [01;31m[Kfatal error: [m[Kmessage_filters/subscriber.hpp: No such file or directory
[5.565s]    34 | #include [01;31m[K"message_filters/subscriber.hpp"[m[K
[5.565s]       |          [01;31m[K^~~~~~~~~~~~~~~~~~~~~~~~~~~~~~~~[m[K
[5.565s] compilation terminated.
[5.570s] gmake[2]: *** [CMakeFiles/image_transport.dir/build.make:146: CMakeFiles/image_transport.dir/src/camera_subscriber.cpp.o] Error 1
[5.570s] gmake[2]: *** Waiting for unfinished jobs....
[5.748s] [ 29%] [32m[1mLinking CXX static library libgtest_main.a[0m
[6.061s] [ 29%] Built target gtest_main
[7.868s] [ 32%] [32m[1mLinking CXX executable republish[0m
[7.927s] gmake[1]: *** [CMakeFiles/Makefile2:177: CMakeFiles/image_transport.dir/all] Error 2
[7.927s] gmake[1]: *** Waiting for unfinished jobs....
[7.949s] [ 35%] [32m[1mLinking CXX static library libgtest.a[0m
[8.098s] [ 35%] Built target republish
[8.139s] [ 35%] Built target gtest
[8.143s] gmake: *** [Makefile:146: all] Error 2
